<?xml version="1.0" encoding="UTF-8"?>
<testng-results ignored="0" total="1" passed="1" failed="0" skipped="0">
  <reporter-output>
  </reporter-output>
  <suite started-at="2025-03-09T23:23:59 GMT" name="Default suite" finished-at="2025-03-09T23:24:17 GMT" duration-ms="17958">
    <groups>
    </groups>
    <test started-at="2025-03-09T23:23:59 GMT" name="Default test" finished-at="2025-03-09T23:24:17 GMT" duration-ms="17958">
      <class name="carReg.Test.carValuationTest">
        <test-method is-config="true" signature="setUp()[pri:0, instance:carReg.Test.carValuationTest@3eb25e1a]" started-at="2025-03-09T23:23:59 GMT" name="setUp" finished-at="2025-03-09T23:24:02 GMT" duration-ms="2778" status="PASS">
          <reporter-output>
          </reporter-output>
        </test-method> <!-- setUp -->
        <test-method signature="testCarValuation()[pri:0, instance:carReg.Test.carValuationTest@3eb25e1a]" started-at="2025-03-09T23:24:02 GMT" name="testCarValuation" finished-at="2025-03-09T23:24:16 GMT" duration-ms="14483" status="PASS">
          <reporter-output>
          </reporter-output>
        </test-method> <!-- testCarValuation -->
        <test-method is-config="true" signature="tearDown()[pri:0, instance:carReg.Test.carValuationTest@3eb25e1a]" started-at="2025-03-09T23:24:16 GMT" name="tearDown" finished-at="2025-03-09T23:24:17 GMT" duration-ms="645" status="PASS">
          <reporter-output>
          </reporter-output>
        </test-method> <!-- tearDown -->
      </class> <!-- carReg.Test.carValuationTest -->
    </test> <!-- Default test -->
  </suite> <!-- Default suite -->
</testng-results>
